mode: count
bitbucket.org/johnmackenzie91/itunes-artwork-proxy-api/internal/app/app.gen.go:46.102,55.16 5 0
bitbucket.org/johnmackenzie91/itunes-artwork-proxy-api/internal/app/app.gen.go:61.2,64.16 3 0
bitbucket.org/johnmackenzie91/itunes-artwork-proxy-api/internal/app/app.gen.go:70.2,73.63 2 0
bitbucket.org/johnmackenzie91/itunes-artwork-proxy-api/internal/app/app.gen.go:77.2,78.16 2 0
bitbucket.org/johnmackenzie91/itunes-artwork-proxy-api/internal/app/app.gen.go:83.2,83.85 1 0
bitbucket.org/johnmackenzie91/itunes-artwork-proxy-api/internal/app/app.gen.go:55.16,58.3 2 0
bitbucket.org/johnmackenzie91/itunes-artwork-proxy-api/internal/app/app.gen.go:64.16,67.3 2 0
bitbucket.org/johnmackenzie91/itunes-artwork-proxy-api/internal/app/app.gen.go:73.64,75.3 0 0
bitbucket.org/johnmackenzie91/itunes-artwork-proxy-api/internal/app/app.gen.go:78.16,81.3 2 0
bitbucket.org/johnmackenzie91/itunes-artwork-proxy-api/internal/app/app.gen.go:87.47,89.2 1 0
bitbucket.org/johnmackenzie91/itunes-artwork-proxy-api/internal/app/app.gen.go:92.68,97.29 2 0
bitbucket.org/johnmackenzie91/itunes-artwork-proxy-api/internal/app/app.gen.go:101.2,101.10 1 0
bitbucket.org/johnmackenzie91/itunes-artwork-proxy-api/internal/app/app.gen.go:97.29,99.3 1 0
bitbucket.org/johnmackenzie91/itunes-artwork-proxy-api/internal/app/app.go:21.85,24.36 2 0
bitbucket.org/johnmackenzie91/itunes-artwork-proxy-api/internal/app/app.go:33.2,33.10 1 0
bitbucket.org/johnmackenzie91/itunes-artwork-proxy-api/internal/app/app.go:24.36,29.65 3 0
bitbucket.org/johnmackenzie91/itunes-artwork-proxy-api/internal/app/app.go:29.65,31.4 1 0
bitbucket.org/johnmackenzie91/itunes-artwork-proxy-api/internal/app/app.go:42.154,51.16 6 0
bitbucket.org/johnmackenzie91/itunes-artwork-proxy-api/internal/app/app.go:56.2,60.35 3 0
bitbucket.org/johnmackenzie91/itunes-artwork-proxy-api/internal/app/app.go:81.2,81.19 1 0
bitbucket.org/johnmackenzie91/itunes-artwork-proxy-api/internal/app/app.go:87.2,88.16 2 0
bitbucket.org/johnmackenzie91/itunes-artwork-proxy-api/internal/app/app.go:92.2,92.37 1 0
bitbucket.org/johnmackenzie91/itunes-artwork-proxy-api/internal/app/app.go:51.16,54.3 2 0
bitbucket.org/johnmackenzie91/itunes-artwork-proxy-api/internal/app/app.go:60.35,63.79 2 0
bitbucket.org/johnmackenzie91/itunes-artwork-proxy-api/internal/app/app.go:68.3,74.20 2 0
bitbucket.org/johnmackenzie91/itunes-artwork-proxy-api/internal/app/app.go:78.3,78.25 1 0
bitbucket.org/johnmackenzie91/itunes-artwork-proxy-api/internal/app/app.go:63.79,65.12 2 0
bitbucket.org/johnmackenzie91/itunes-artwork-proxy-api/internal/app/app.go:74.20,77.4 1 0
bitbucket.org/johnmackenzie91/itunes-artwork-proxy-api/internal/app/app.go:81.19,84.3 2 0
bitbucket.org/johnmackenzie91/itunes-artwork-proxy-api/internal/app/app.go:88.16,91.3 2 0
bitbucket.org/johnmackenzie91/itunes-artwork-proxy-api/internal/app/app.go:92.37,95.3 2 0
bitbucket.org/johnmackenzie91/itunes-artwork-proxy-api/internal/app/app.go:99.64,100.37 1 0
bitbucket.org/johnmackenzie91/itunes-artwork-proxy-api/internal/app/app.go:103.2,103.12 1 0
bitbucket.org/johnmackenzie91/itunes-artwork-proxy-api/internal/app/app.go:100.37,102.3 1 0
bitbucket.org/johnmackenzie91/itunes-artwork-proxy-api/internal/app/app.go:107.37,111.2 3 0
bitbucket.org/johnmackenzie91/itunes-artwork-proxy-api/internal/app/app.go:113.93,118.25 3 3
bitbucket.org/johnmackenzie91/itunes-artwork-proxy-api/internal/app/app.go:129.2,132.47 2 3
bitbucket.org/johnmackenzie91/itunes-artwork-proxy-api/internal/app/app.go:119.28,120.19 1 1
bitbucket.org/johnmackenzie91/itunes-artwork-proxy-api/internal/app/app.go:121.24,122.10 1 1
bitbucket.org/johnmackenzie91/itunes-artwork-proxy-api/internal/app/app.go:123.13,125.36 2 1
bitbucket.org/johnmackenzie91/itunes-artwork-proxy-api/internal/app/app.go:132.47,133.13 1 0
bitbucket.org/johnmackenzie91/itunes-artwork-proxy-api/internal/app/models.go:26.42,28.2 1 1
bitbucket.org/johnmackenzie91/itunes-artwork-proxy-api/internal/app/models.go:30.52,32.2 1 0
bitbucket.org/johnmackenzie91/itunes-artwork-proxy-api/internal/app/models.go:35.41,40.16 2 3
bitbucket.org/johnmackenzie91/itunes-artwork-proxy-api/internal/app/models.go:43.2,43.10 1 3
bitbucket.org/johnmackenzie91/itunes-artwork-proxy-api/internal/app/models.go:40.16,41.13 1 0
bitbucket.org/johnmackenzie91/itunes-artwork-proxy-api/internal/app/models.go:52.50,54.2 1 0
bitbucket.org/johnmackenzie91/itunes-artwork-proxy-api/internal/app/models.go:56.56,58.2 1 0
bitbucket.org/johnmackenzie91/itunes-artwork-proxy-api/internal/app/models.go:61.60,63.2 1 1
bitbucket.org/johnmackenzie91/itunes-artwork-proxy-api/internal/itunes/opts.go:4.42,5.30 1 0
bitbucket.org/johnmackenzie91/itunes-artwork-proxy-api/internal/itunes/opts.go:5.30,7.3 1 0
bitbucket.org/johnmackenzie91/itunes-artwork-proxy-api/internal/itunes/opts.go:11.38,12.30 1 0
bitbucket.org/johnmackenzie91/itunes-artwork-proxy-api/internal/itunes/opts.go:12.30,14.3 1 0
bitbucket.org/johnmackenzie91/itunes-artwork-proxy-api/internal/itunes/client.go:29.79,38.26 2 0
bitbucket.org/johnmackenzie91/itunes-artwork-proxy-api/internal/itunes/client.go:41.2,41.11 1 0
bitbucket.org/johnmackenzie91/itunes-artwork-proxy-api/internal/itunes/client.go:38.26,40.3 1 0
bitbucket.org/johnmackenzie91/itunes-artwork-proxy-api/internal/itunes/client.go:45.99,48.16 2 2
bitbucket.org/johnmackenzie91/itunes-artwork-proxy-api/internal/itunes/client.go:52.2,54.16 2 2
bitbucket.org/johnmackenzie91/itunes-artwork-proxy-api/internal/itunes/client.go:58.2,61.63 3 1
bitbucket.org/johnmackenzie91/itunes-artwork-proxy-api/internal/itunes/client.go:65.2,65.30 1 1
bitbucket.org/johnmackenzie91/itunes-artwork-proxy-api/internal/itunes/client.go:48.16,50.3 1 0
bitbucket.org/johnmackenzie91/itunes-artwork-proxy-api/internal/itunes/client.go:54.16,56.3 1 1
bitbucket.org/johnmackenzie91/itunes-artwork-proxy-api/internal/itunes/client.go:61.63,63.3 1 0
bitbucket.org/johnmackenzie91/itunes-artwork-proxy-api/internal/itunes/errors.go:8.35,10.2 1 1
bitbucket.org/johnmackenzie91/itunes-artwork-proxy-api/internal/itunes/helpers.go:10.80,13.16 2 2
bitbucket.org/johnmackenzie91/itunes-artwork-proxy-api/internal/itunes/helpers.go:17.2,25.15 7 2
bitbucket.org/johnmackenzie91/itunes-artwork-proxy-api/internal/itunes/helpers.go:13.16,15.3 1 0
bitbucket.org/johnmackenzie91/itunes-artwork-proxy-api/internal/itunes/helpers.go:28.110,31.16 2 2
bitbucket.org/johnmackenzie91/itunes-artwork-proxy-api/internal/itunes/helpers.go:34.2,34.64 1 2
bitbucket.org/johnmackenzie91/itunes-artwork-proxy-api/internal/itunes/helpers.go:31.16,33.3 1 0
bitbucket.org/johnmackenzie91/itunes-artwork-proxy-api/internal/itunes/helpers.go:37.73,42.16 3 2
bitbucket.org/johnmackenzie91/itunes-artwork-proxy-api/internal/itunes/helpers.go:46.2,46.37 1 2
bitbucket.org/johnmackenzie91/itunes-artwork-proxy-api/internal/itunes/helpers.go:49.2,49.17 1 1
bitbucket.org/johnmackenzie91/itunes-artwork-proxy-api/internal/itunes/helpers.go:42.16,44.3 1 0
bitbucket.org/johnmackenzie91/itunes-artwork-proxy-api/internal/itunes/helpers.go:46.37,48.3 1 1
